<?xml version="1.0" encoding="utf-8"?>
<TestRun id="46f33ab2-6126-4ef2-a4b0-0e0808dc6852" name="Admin@NGOCTUAN 2026-04-13 12:55:48" runUser="NGOCTUAN\Admin" xmlns="http://microsoft.com/schemas/VisualStudio/TeamTest/2010">
  <Times creation="2026-04-13T12:55:48.4155248+07:00" queuing="2026-04-13T12:55:48.4155252+07:00" start="2026-04-13T12:55:39.2937211+07:00" finish="2026-04-13T12:55:50.5612177+07:00" />
  <TestSettings name="default" id="d0c99ec8-821d-4a63-a525-7a769a4a5357">
    <Deployment runDeploymentRoot="Admin_NGOCTUAN_2026-04-13_12_55_48" />
  </TestSettings>
  <Results>
    <UnitTestResult executionId="f8fb70f9-e1e6-4259-95da-91855f6d863a" testId="8ea79a09-e441-95a7-3e10-c4332c9aba63" testName="InteractHub.Test.Services.StoriesServiceTests.GetActiveStoriesAsync_ShouldReturnOnlyNonExpiredStoriesForUser" computerName="NGOCTUAN" duration="00:00:00.1000545" startTime="2026-04-13T12:55:49.2522436+07:00" endTime="2026-04-13T12:55:49.2522439+07:00" testType="13cdc9d9-ddb5-4fa4-a97d-d965ccfc6d4b" outcome="Passed" testListId="8c84fa94-04c1-424b-9868-57a2d4851a1d" relativeResultsDirectory="f8fb70f9-e1e6-4259-95da-91855f6d863a" />
    <UnitTestResult executionId="87f0021b-4df9-4409-b7e1-ed355531d79e" testId="d5d28d34-3696-c41b-2c07-769bc8da45ea" testName="InteractHub.Test.Services.UsersServiceTests.UpdateProfileAsync_ShouldPersistChanges_WhenUserExists" computerName="NGOCTUAN" duration="00:00:00.0106949" startTime="2026-04-13T12:55:49.2366327+07:00" endTime="2026-04-13T12:55:49.2366331+07:00" testType="13cdc9d9-ddb5-4fa4-a97d-d965ccfc6d4b" outcome="Passed" testListId="8c84fa94-04c1-424b-9868-57a2d4851a1d" relativeResultsDirectory="87f0021b-4df9-4409-b7e1-ed355531d79e" />
    <UnitTestResult executionId="ce90012e-1137-45c8-bc58-efa532326ebf" testId="2befc9a7-f9c9-aef3-c611-3bb3c90fad14" testName="InteractHub.Test.Services.PostsServiceTests.ReportAsync_ShouldThrow_WhenOpenReportAlreadyExists" computerName="NGOCTUAN" duration="00:00:00.0124819" startTime="2026-04-13T12:55:49.3956912+07:00" endTime="2026-04-13T12:55:49.3956914+07:00" testType="13cdc9d9-ddb5-4fa4-a97d-d965ccfc6d4b" outcome="Passed" testListId="8c84fa94-04c1-424b-9868-57a2d4851a1d" relativeResultsDirectory="ce90012e-1137-45c8-bc58-efa532326ebf" />
    <UnitTestResult executionId="e904f57b-8e40-460e-92be-8955d16c81a3" testId="d45b5751-839c-557c-731b-b9ff717271ef" testName="InteractHub.Test.Services.AuthServiceTests.LoginAsync_ShouldReturnAuthResponse_WhenCredentialsValid" computerName="NGOCTUAN" duration="00:00:00.2336797" startTime="2026-04-13T12:55:48.4893338+07:00" endTime="2026-04-13T12:55:48.4893340+07:00" testType="13cdc9d9-ddb5-4fa4-a97d-d965ccfc6d4b" outcome="Passed" testListId="8c84fa94-04c1-424b-9868-57a2d4851a1d" relativeResultsDirectory="e904f57b-8e40-460e-92be-8955d16c81a3" />
    <UnitTestResult executionId="44f317b9-c08a-4e3f-adbf-021413f18015" testId="6a006139-6aec-950e-33c9-1e1b2e03e527" testName="InteractHub.Test.Services.AuthServiceTests.RegisterAsync_ShouldThrow_WhenCreateFails" computerName="NGOCTUAN" duration="00:00:00.0035473" startTime="2026-04-13T12:55:48.5175964+07:00" endTime="2026-04-13T12:55:48.5175967+07:00" testType="13cdc9d9-ddb5-4fa4-a97d-d965ccfc6d4b" outcome="Passed" testListId="8c84fa94-04c1-424b-9868-57a2d4851a1d" relativeResultsDirectory="44f317b9-c08a-4e3f-adbf-021413f18015" />
    <UnitTestResult executionId="518a1bdb-b889-4eaa-88ba-8cf2bd1f0aab" testId="cd4e9d5b-e453-f863-d744-3c63655d90ed" testName="InteractHub.Test.Services.JwtTokenServiceTests.CreateToken_ShouldIncludeIdentityAndRoleClaims" computerName="NGOCTUAN" duration="00:00:00.0725018" startTime="2026-04-13T12:55:48.3322263+07:00" endTime="2026-04-13T12:55:48.3322891+07:00" testType="13cdc9d9-ddb5-4fa4-a97d-d965ccfc6d4b" outcome="Passed" testListId="8c84fa94-04c1-424b-9868-57a2d4851a1d" relativeResultsDirectory="518a1bdb-b889-4eaa-88ba-8cf2bd1f0aab" />
    <UnitTestResult executionId="40676e45-ce8a-4d80-9b4a-9445f9e45eba" testId="e4ab80e1-4d61-d426-bc20-c6481f0302f6" testName="InteractHub.Test.Services.AuthServiceTests.LoginAsync_ShouldThrowUnauthorized_WhenPasswordInvalid" computerName="NGOCTUAN" duration="00:00:00.0061345" startTime="2026-04-13T12:55:48.4955716+07:00" endTime="2026-04-13T12:55:48.4955719+07:00" testType="13cdc9d9-ddb5-4fa4-a97d-d965ccfc6d4b" outcome="Passed" testListId="8c84fa94-04c1-424b-9868-57a2d4851a1d" relativeResultsDirectory="40676e45-ce8a-4d80-9b4a-9445f9e45eba" />
    <UnitTestResult executionId="d480ad6a-a1b8-4dc8-b04e-6c3576c3f6c8" testId="f781021b-988d-8d99-7194-e31239ccf499" testName="InteractHub.Test.Services.FriendsServiceTests.SendRequestAsync_ShouldThrow_WhenSendingToSelf" computerName="NGOCTUAN" duration="00:00:00.0014220" startTime="2026-04-13T12:55:49.3395573+07:00" endTime="2026-04-13T12:55:49.3395576+07:00" testType="13cdc9d9-ddb5-4fa4-a97d-d965ccfc6d4b" outcome="Passed" testListId="8c84fa94-04c1-424b-9868-57a2d4851a1d" relativeResultsDirectory="d480ad6a-a1b8-4dc8-b04e-6c3576c3f6c8" />
    <UnitTestResult executionId="b6b65e85-3cc3-46d8-bd08-e1998ad90a09" testId="85ae4dcf-426b-69a7-f816-1c926369c680" testName="InteractHub.Test.Services.FriendsServiceTests.RemoveFriendAsync_ShouldRemoveAcceptedFriendship" computerName="NGOCTUAN" duration="00:00:00.0092079" startTime="2026-04-13T12:55:49.2937427+07:00" endTime="2026-04-13T12:55:49.2937431+07:00" testType="13cdc9d9-ddb5-4fa4-a97d-d965ccfc6d4b" outcome="Passed" testListId="8c84fa94-04c1-424b-9868-57a2d4851a1d" relativeResultsDirectory="b6b65e85-3cc3-46d8-bd08-e1998ad90a09" />
    <UnitTestResult executionId="5e944e30-d2b7-413b-b8cd-47106e2b84d9" testId="c5cc568a-2119-8846-89fc-25486d20f6c7" testName="InteractHub.Test.Services.AuthServiceTests.LoginAsync_ShouldThrowUnauthorized_WhenUserNotFound" computerName="NGOCTUAN" duration="00:00:00.0025561" startTime="2026-04-13T12:55:48.4982214+07:00" endTime="2026-04-13T12:55:48.4982216+07:00" testType="13cdc9d9-ddb5-4fa4-a97d-d965ccfc6d4b" outcome="Passed" testListId="8c84fa94-04c1-424b-9868-57a2d4851a1d" relativeResultsDirectory="5e944e30-d2b7-413b-b8cd-47106e2b84d9" />
    <UnitTestResult executionId="853f0180-3589-4bc6-b0c4-70f05c79a396" testId="8d17c133-ed23-f117-e6d4-8e0fd85ecdf0" testName="InteractHub.Test.Services.PostsServiceTests.DeleteAsync_ShouldThrow_WhenDeletingOthersPostAsNonAdmin" computerName="NGOCTUAN" duration="00:00:00.0050673" startTime="2026-04-13T12:55:49.6092740+07:00" endTime="2026-04-13T12:55:49.6092742+07:00" testType="13cdc9d9-ddb5-4fa4-a97d-d965ccfc6d4b" outcome="Passed" testListId="8c84fa94-04c1-424b-9868-57a2d4851a1d" relativeResultsDirectory="853f0180-3589-4bc6-b0c4-70f05c79a396" />
    <UnitTestResult executionId="2e8baa53-c06a-4b7e-bd70-6db126d471a7" testId="f8acf527-2859-f38c-627f-44a69d4c130f" testName="InteractHub.Test.Services.UsersServiceTests.SearchAsync_ShouldClampPaging_AndReturnMatchingUsers" computerName="NGOCTUAN" duration="00:00:00.1096940" startTime="2026-04-13T12:55:49.2258433+07:00" endTime="2026-04-13T12:55:49.2258435+07:00" testType="13cdc9d9-ddb5-4fa4-a97d-d965ccfc6d4b" outcome="Passed" testListId="8c84fa94-04c1-424b-9868-57a2d4851a1d" relativeResultsDirectory="2e8baa53-c06a-4b7e-bd70-6db126d471a7" />
    <UnitTestResult executionId="8c263230-2aa2-4b31-9185-8b3127afec75" testId="4706786f-37cc-430a-a5f6-11b354081f87" testName="InteractHub.Test.Services.AdminServiceTests.ResolveReportAsync_ShouldReturnNull_WhenMissingReport" computerName="NGOCTUAN" duration="00:00:00.0011523" startTime="2026-04-13T12:55:49.2857607+07:00" endTime="2026-04-13T12:55:49.2857614+07:00" testType="13cdc9d9-ddb5-4fa4-a97d-d965ccfc6d4b" outcome="Passed" testListId="8c84fa94-04c1-424b-9868-57a2d4851a1d" relativeResultsDirectory="8c263230-2aa2-4b31-9185-8b3127afec75" />
    <UnitTestResult executionId="05677bc4-71ce-4fd1-959b-361ad9b327fd" testId="874dca42-76f6-e399-296f-4b65ef00f514" testName="InteractHub.Test.Services.FriendsServiceTests.AcceptRequestAsync_ShouldUpdateStatusToAccepted_AndNotify" computerName="NGOCTUAN" duration="00:00:00.0442156" startTime="2026-04-13T12:55:49.3380582+07:00" endTime="2026-04-13T12:55:49.3380589+07:00" testType="13cdc9d9-ddb5-4fa4-a97d-d965ccfc6d4b" outcome="Passed" testListId="8c84fa94-04c1-424b-9868-57a2d4851a1d" relativeResultsDirectory="05677bc4-71ce-4fd1-959b-361ad9b327fd" />
    <UnitTestResult executionId="88602478-ad84-47b6-a2c4-b309e690248f" testId="2b0b550e-7344-c7eb-c784-16bc261c9641" testName="InteractHub.Test.Services.UsersServiceTests.GetProfileAsync_ShouldReturnNull_WhenUserMissing" computerName="NGOCTUAN" duration="00:00:00.8605117" startTime="2026-04-13T12:55:49.1161506+07:00" endTime="2026-04-13T12:55:49.1161508+07:00" testType="13cdc9d9-ddb5-4fa4-a97d-d965ccfc6d4b" outcome="Passed" testListId="8c84fa94-04c1-424b-9868-57a2d4851a1d" relativeResultsDirectory="88602478-ad84-47b6-a2c4-b309e690248f" />
    <UnitTestResult executionId="b1ee26b6-f11e-4614-85f1-95ec2b640793" testId="dca0f2fb-4989-45b8-faee-530bfe7ff217" testName="InteractHub.Test.Services.NotificationsServiceTests.CreateAsync_ShouldReturnNull_WhenSenderEqualsReceiver" computerName="NGOCTUAN" duration="00:00:00.8790544" startTime="2026-04-13T12:55:49.1348826+07:00" endTime="2026-04-13T12:55:49.1348829+07:00" testType="13cdc9d9-ddb5-4fa4-a97d-d965ccfc6d4b" outcome="Passed" testListId="8c84fa94-04c1-424b-9868-57a2d4851a1d" relativeResultsDirectory="b1ee26b6-f11e-4614-85f1-95ec2b640793" />
    <UnitTestResult executionId="68f68da9-d4cc-4eaa-9841-99a9bfeed0ea" testId="ef434908-6ead-7f5a-a522-5a0bf3612499" testName="InteractHub.Test.Services.AdminServiceTests.ResolveReportAsync_ShouldUpdateStatus_WhenReportExists" computerName="NGOCTUAN" duration="00:00:00.1370096" startTime="2026-04-13T12:55:49.2532403+07:00" endTime="2026-04-13T12:55:49.2532405+07:00" testType="13cdc9d9-ddb5-4fa4-a97d-d965ccfc6d4b" outcome="Passed" testListId="8c84fa94-04c1-424b-9868-57a2d4851a1d" relativeResultsDirectory="68f68da9-d4cc-4eaa-9841-99a9bfeed0ea" />
    <UnitTestResult executionId="b8ed44b3-2c42-4bfb-8eaf-220a6669ecf9" testId="aef29eb9-855d-04c9-3b88-7c2f2bdf3856" testName="InteractHub.Test.Services.NotificationsServiceTests.CreateAsync_ShouldPersistAndPushRealtimeEvent" computerName="NGOCTUAN" duration="00:00:00.1249309" startTime="2026-04-13T12:55:49.2596741+07:00" endTime="2026-04-13T12:55:49.2596744+07:00" testType="13cdc9d9-ddb5-4fa4-a97d-d965ccfc6d4b" outcome="Passed" testListId="8c84fa94-04c1-424b-9868-57a2d4851a1d" relativeResultsDirectory="b8ed44b3-2c42-4bfb-8eaf-220a6669ecf9" />
    <UnitTestResult executionId="df4fab1c-dbd3-483d-9278-b7a149cfac2e" testId="69103ff3-320e-a201-06b8-5a53579e5927" testName="InteractHub.Test.Services.NotificationsServiceTests.MarkAllReadAsync_ShouldReturnNumberOfUnreadItems" computerName="NGOCTUAN" duration="00:00:00.0228385" startTime="2026-04-13T12:55:49.2826332+07:00" endTime="2026-04-13T12:55:49.2826337+07:00" testType="13cdc9d9-ddb5-4fa4-a97d-d965ccfc6d4b" outcome="Passed" testListId="8c84fa94-04c1-424b-9868-57a2d4851a1d" relativeResultsDirectory="df4fab1c-dbd3-483d-9278-b7a149cfac2e" />
    <UnitTestResult executionId="7a986d4f-0332-4f06-895d-25f4f7542d4c" testId="54002fb4-3fd4-9ac5-3b9b-e31d6b053aaf" testName="InteractHub.Test.Services.AdminServiceTests.DeletePostAsync_ShouldReturnFalse_WhenPostNotFound" computerName="NGOCTUAN" duration="00:00:00.7764661" startTime="2026-04-13T12:55:49.1165239+07:00" endTime="2026-04-13T12:55:49.1165240+07:00" testType="13cdc9d9-ddb5-4fa4-a97d-d965ccfc6d4b" outcome="Passed" testListId="8c84fa94-04c1-424b-9868-57a2d4851a1d" relativeResultsDirectory="7a986d4f-0332-4f06-895d-25f4f7542d4c" />
    <UnitTestResult executionId="2864e054-15a7-4939-a846-13906371989e" testId="37b6e09f-6001-8b57-18f0-5874a4c031f6" testName="InteractHub.Test.Services.PostsServiceTests.ToggleLikeAsync_ShouldAddLike_AndCreateNotification" computerName="NGOCTUAN" duration="00:00:00.0110241" startTime="2026-04-13T12:55:49.4067842+07:00" endTime="2026-04-13T12:55:49.4067845+07:00" testType="13cdc9d9-ddb5-4fa4-a97d-d965ccfc6d4b" outcome="Passed" testListId="8c84fa94-04c1-424b-9868-57a2d4851a1d" relativeResultsDirectory="2864e054-15a7-4939-a846-13906371989e" />
    <UnitTestResult executionId="71fb248b-bf9a-47fa-be84-9059c3552d7a" testId="c8bc3c12-2762-c7fa-4747-f909ec25d351" testName="InteractHub.Test.Services.StoriesServiceTests.DeleteAsync_ShouldThrow_WhenUserIsNotOwnerOrAdmin" computerName="NGOCTUAN" duration="00:00:00.8964273" startTime="2026-04-13T12:55:49.1520720+07:00" endTime="2026-04-13T12:55:49.1520724+07:00" testType="13cdc9d9-ddb5-4fa4-a97d-d965ccfc6d4b" outcome="Passed" testListId="8c84fa94-04c1-424b-9868-57a2d4851a1d" relativeResultsDirectory="71fb248b-bf9a-47fa-be84-9059c3552d7a" />
    <UnitTestResult executionId="ad73f4dc-535d-4a28-b24a-f4982a6daccb" testId="e580bbba-06ac-1e96-6aea-e7958234c178" testName="InteractHub.Test.Services.AdminServiceTests.GetReportsAsync_ShouldReturnReportsInDescendingCreatedAtOrder" computerName="NGOCTUAN" duration="00:00:00.0312051" startTime="2026-04-13T12:55:49.2844333+07:00" endTime="2026-04-13T12:55:49.2844335+07:00" testType="13cdc9d9-ddb5-4fa4-a97d-d965ccfc6d4b" outcome="Passed" testListId="8c84fa94-04c1-424b-9868-57a2d4851a1d" relativeResultsDirectory="ad73f4dc-535d-4a28-b24a-f4982a6daccb" />
    <UnitTestResult executionId="2953b1c2-ae5b-44cd-b660-9c6c919ce0ce" testId="1e2555db-a063-68b8-9d08-2e2b3c1b95e2" testName="InteractHub.Test.Services.AuthServiceTests.RegisterAsync_ShouldThrow_WhenEmailOrUsernameExists" computerName="NGOCTUAN" duration="00:00:00.0085618" startTime="2026-04-13T12:55:48.5068808+07:00" endTime="2026-04-13T12:55:48.5068811+07:00" testType="13cdc9d9-ddb5-4fa4-a97d-d965ccfc6d4b" outcome="Passed" testListId="8c84fa94-04c1-424b-9868-57a2d4851a1d" relativeResultsDirectory="2953b1c2-ae5b-44cd-b660-9c6c919ce0ce" />
    <UnitTestResult executionId="9fb65fe5-ba1c-481f-ac05-9c5b584b33ad" testId="00860900-ff6e-fc75-53e7-03f521276035" testName="InteractHub.Test.Services.PostsServiceTests.AddCommentAsync_ShouldCreateComment_AndNotifyOwner" computerName="NGOCTUAN" duration="00:00:00.0452101" startTime="2026-04-13T12:55:49.6040977+07:00" endTime="2026-04-13T12:55:49.6040980+07:00" testType="13cdc9d9-ddb5-4fa4-a97d-d965ccfc6d4b" outcome="Passed" testListId="8c84fa94-04c1-424b-9868-57a2d4851a1d" relativeResultsDirectory="9fb65fe5-ba1c-481f-ac05-9c5b584b33ad" />
    <UnitTestResult executionId="a8cd4c70-280b-4e38-8101-8a81332273e4" testId="e4600e0e-fffe-611e-7258-5fc1e0865dd1" testName="InteractHub.Test.Services.HashtagServiceTests.GetTrendingAsync_ShouldOrderByUsageCountThenName" computerName="NGOCTUAN" duration="00:00:00.9376605" startTime="2026-04-13T12:55:49.1932220+07:00" endTime="2026-04-13T12:55:49.1932224+07:00" testType="13cdc9d9-ddb5-4fa4-a97d-d965ccfc6d4b" outcome="Passed" testListId="8c84fa94-04c1-424b-9868-57a2d4851a1d" relativeResultsDirectory="a8cd4c70-280b-4e38-8101-8a81332273e4" />
    <UnitTestResult executionId="5145c9f3-ee5e-4b39-b27e-fbc2de24cccf" testId="09dd8d36-18d6-54f1-fefa-81fdbacc9313" testName="InteractHub.Test.Services.FriendsServiceTests.DeclineRequestAsync_ShouldUpdateStatusToDeclined" computerName="NGOCTUAN" duration="00:00:00.0103665" startTime="2026-04-13T12:55:49.3500271+07:00" endTime="2026-04-13T12:55:49.3500276+07:00" testType="13cdc9d9-ddb5-4fa4-a97d-d965ccfc6d4b" outcome="Passed" testListId="8c84fa94-04c1-424b-9868-57a2d4851a1d" relativeResultsDirectory="5145c9f3-ee5e-4b39-b27e-fbc2de24cccf" />
    <UnitTestResult executionId="c4cfd2dc-1055-425a-877f-eec850034895" testId="1e315d0e-c578-9fb7-a0f3-9857ebfc45f4" testName="InteractHub.Test.Services.FriendsServiceTests.SendRequestAsync_ShouldCreatePendingFriendship_AndNotify" computerName="NGOCTUAN" duration="00:00:01.0289351" startTime="2026-04-13T12:55:49.2851078+07:00" endTime="2026-04-13T12:55:49.2851080+07:00" testType="13cdc9d9-ddb5-4fa4-a97d-d965ccfc6d4b" outcome="Passed" testListId="8c84fa94-04c1-424b-9868-57a2d4851a1d" relativeResultsDirectory="c4cfd2dc-1055-425a-877f-eec850034895" />
    <UnitTestResult executionId="39609cf1-c7e8-42da-95f8-757d629e1394" testId="26ed74ae-f567-cd70-423f-675b8f25dc24" testName="InteractHub.Test.Services.AuthServiceTests.RegisterAsync_ShouldReturnAuthResponse_WhenRequestValid" computerName="NGOCTUAN" duration="00:00:00.0069485" startTime="2026-04-13T12:55:48.5139292+07:00" endTime="2026-04-13T12:55:48.5139296+07:00" testType="13cdc9d9-ddb5-4fa4-a97d-d965ccfc6d4b" outcome="Passed" testListId="8c84fa94-04c1-424b-9868-57a2d4851a1d" relativeResultsDirectory="39609cf1-c7e8-42da-95f8-757d629e1394" />
    <UnitTestResult executionId="a446f211-6898-49f9-9db5-584ec855e1a4" testId="57cf200c-fee5-56f3-7ef6-d529b10dfaba" testName="InteractHub.Test.Services.StoriesServiceTests.CreateAsync_ShouldCreateStoryWith24HourExpiry" computerName="NGOCTUAN" duration="00:00:00.0314332" startTime="2026-04-13T12:55:49.2837861+07:00" endTime="2026-04-13T12:55:49.2837864+07:00" testType="13cdc9d9-ddb5-4fa4-a97d-d965ccfc6d4b" outcome="Passed" testListId="8c84fa94-04c1-424b-9868-57a2d4851a1d" relativeResultsDirectory="a446f211-6898-49f9-9db5-584ec855e1a4" />
    <UnitTestResult executionId="1dc87364-b852-48e5-bdeb-d11e3e1dac44" testId="ad5f5ca4-89f5-bb88-b27b-4b10e9473ae0" testName="InteractHub.Test.Services.FriendsServiceTests.SendRequestAsync_ShouldThrow_WhenPendingRequestExists" computerName="NGOCTUAN" duration="00:00:00.0018982" startTime="2026-04-13T12:55:49.3520227+07:00" endTime="2026-04-13T12:55:49.3520229+07:00" testType="13cdc9d9-ddb5-4fa4-a97d-d965ccfc6d4b" outcome="Passed" testListId="8c84fa94-04c1-424b-9868-57a2d4851a1d" relativeResultsDirectory="1dc87364-b852-48e5-bdeb-d11e3e1dac44" />
    <UnitTestResult executionId="587199ae-0069-48e3-984b-24bbcc86a676" testId="905237f6-37b8-af79-e49b-2fbc24d17368" testName="InteractHub.Test.Services.PostsServiceTests.ToggleLikeAsync_ShouldAllowSelfLike_AndToggleWithoutNotification" computerName="NGOCTUAN" duration="00:00:00.0038674" startTime="2026-04-13T12:55:49.4107180+07:00" endTime="2026-04-13T12:55:49.4107182+07:00" testType="13cdc9d9-ddb5-4fa4-a97d-d965ccfc6d4b" outcome="Passed" testListId="8c84fa94-04c1-424b-9868-57a2d4851a1d" relativeResultsDirectory="587199ae-0069-48e3-984b-24bbcc86a676" />
    <UnitTestResult executionId="821e12a3-04e8-428c-802a-e2e4aaae2cd5" testId="83d88c3a-0d3c-5809-0592-15677690d90a" testName="InteractHub.Test.Services.JwtTokenServiceTests.GetExpirySeconds_ShouldUseConfiguredMinutes" computerName="NGOCTUAN" duration="00:00:00.0040682" startTime="2026-04-13T12:55:48.3443843+07:00" endTime="2026-04-13T12:55:48.3443846+07:00" testType="13cdc9d9-ddb5-4fa4-a97d-d965ccfc6d4b" outcome="Passed" testListId="8c84fa94-04c1-424b-9868-57a2d4851a1d" relativeResultsDirectory="821e12a3-04e8-428c-802a-e2e4aaae2cd5" />
    <UnitTestResult executionId="19965a45-155f-4ba4-893d-3b5ca1b31617" testId="d590b102-5c1b-1ade-ea55-fce178b671b5" testName="InteractHub.Test.Services.PostsServiceTests.CreateAsync_ShouldCreatePost_AndReturnResponse" computerName="NGOCTUAN" duration="00:00:00.1479305" startTime="2026-04-13T12:55:49.5587776+07:00" endTime="2026-04-13T12:55:49.5587779+07:00" testType="13cdc9d9-ddb5-4fa4-a97d-d965ccfc6d4b" outcome="Passed" testListId="8c84fa94-04c1-424b-9868-57a2d4851a1d" relativeResultsDirectory="19965a45-155f-4ba4-893d-3b5ca1b31617" />
    <UnitTestResult executionId="1f356f8b-8ab4-46ae-8c98-a1c15f90a18c" testId="5c8a131f-4de5-f96b-239f-ba0142ea4877" testName="InteractHub.Test.Services.PostsServiceTests.ToggleLikeAsync_ShouldRemoveLike_WhenAlreadyLiked" computerName="NGOCTUAN" duration="00:00:01.1275608" startTime="2026-04-13T12:55:49.3831246+07:00" endTime="2026-04-13T12:55:49.3831250+07:00" testType="13cdc9d9-ddb5-4fa4-a97d-d965ccfc6d4b" outcome="Passed" testListId="8c84fa94-04c1-424b-9868-57a2d4851a1d" relativeResultsDirectory="1f356f8b-8ab4-46ae-8c98-a1c15f90a18c" />
  </Results>
  <TestDefinitions>
    <UnitTest name="InteractHub.Test.Services.UsersServiceTests.SearchAsync_ShouldClampPaging_AndReturnMatchingUsers" storage="d:\coding\csharp-project\interacthub\interacthub.test\bin\release\net8.0\interacthub.test.dll" id="f8acf527-2859-f38c-627f-44a69d4c130f">
      <Execution id="2e8baa53-c06a-4b7e-bd70-6db126d471a7" />
      <TestMethod codeBase="D:\Coding\CSharp-Project\InteractHub\InteractHub.Test\bin\Release\net8.0\InteractHub.Test.dll" adapterTypeName="executor://xunit/VsTestRunner2/netcoreapp" className="InteractHub.Test.Services.UsersServiceTests" name="SearchAsync_ShouldClampPaging_AndReturnMatchingUsers" />
    </UnitTest>
    <UnitTest name="InteractHub.Test.Services.NotificationsServiceTests.CreateAsync_ShouldReturnNull_WhenSenderEqualsReceiver" storage="d:\coding\csharp-project\interacthub\interacthub.test\bin\release\net8.0\interacthub.test.dll" id="dca0f2fb-4989-45b8-faee-530bfe7ff217">
      <Execution id="b1ee26b6-f11e-4614-85f1-95ec2b640793" />
      <TestMethod codeBase="D:\Coding\CSharp-Project\InteractHub\InteractHub.Test\bin\Release\net8.0\InteractHub.Test.dll" adapterTypeName="executor://xunit/VsTestRunner2/netcoreapp" className="InteractHub.Test.Services.NotificationsServiceTests" name="CreateAsync_ShouldReturnNull_WhenSenderEqualsReceiver" />
    </UnitTest>
    <UnitTest name="InteractHub.Test.Services.PostsServiceTests.ToggleLikeAsync_ShouldAddLike_AndCreateNotification" storage="d:\coding\csharp-project\interacthub\interacthub.test\bin\release\net8.0\interacthub.test.dll" id="37b6e09f-6001-8b57-18f0-5874a4c031f6">
      <Execution id="2864e054-15a7-4939-a846-13906371989e" />
      <TestMethod codeBase="D:\Coding\CSharp-Project\InteractHub\InteractHub.Test\bin\Release\net8.0\InteractHub.Test.dll" adapterTypeName="executor://xunit/VsTestRunner2/netcoreapp" className="InteractHub.Test.Services.PostsServiceTests" name="ToggleLikeAsync_ShouldAddLike_AndCreateNotification" />
    </UnitTest>
    <UnitTest name="InteractHub.Test.Services.AuthServiceTests.LoginAsync_ShouldThrowUnauthorized_WhenPasswordInvalid" storage="d:\coding\csharp-project\interacthub\interacthub.test\bin\release\net8.0\interacthub.test.dll" id="e4ab80e1-4d61-d426-bc20-c6481f0302f6">
      <Execution id="40676e45-ce8a-4d80-9b4a-9445f9e45eba" />
      <TestMethod codeBase="D:\Coding\CSharp-Project\InteractHub\InteractHub.Test\bin\Release\net8.0\InteractHub.Test.dll" adapterTypeName="executor://xunit/VsTestRunner2/netcoreapp" className="InteractHub.Test.Services.AuthServiceTests" name="LoginAsync_ShouldThrowUnauthorized_WhenPasswordInvalid" />
    </UnitTest>
    <UnitTest name="InteractHub.Test.Services.HashtagServiceTests.GetTrendingAsync_ShouldOrderByUsageCountThenName" storage="d:\coding\csharp-project\interacthub\interacthub.test\bin\release\net8.0\interacthub.test.dll" id="e4600e0e-fffe-611e-7258-5fc1e0865dd1">
      <Execution id="a8cd4c70-280b-4e38-8101-8a81332273e4" />
      <TestMethod codeBase="D:\Coding\CSharp-Project\InteractHub\InteractHub.Test\bin\Release\net8.0\InteractHub.Test.dll" adapterTypeName="executor://xunit/VsTestRunner2/netcoreapp" className="InteractHub.Test.Services.HashtagServiceTests" name="GetTrendingAsync_ShouldOrderByUsageCountThenName" />
    </UnitTest>
    <UnitTest name="InteractHub.Test.Services.AuthServiceTests.LoginAsync_ShouldReturnAuthResponse_WhenCredentialsValid" storage="d:\coding\csharp-project\interacthub\interacthub.test\bin\release\net8.0\interacthub.test.dll" id="d45b5751-839c-557c-731b-b9ff717271ef">
      <Execution id="e904f57b-8e40-460e-92be-8955d16c81a3" />
      <TestMethod codeBase="D:\Coding\CSharp-Project\InteractHub\InteractHub.Test\bin\Release\net8.0\InteractHub.Test.dll" adapterTypeName="executor://xunit/VsTestRunner2/netcoreapp" className="InteractHub.Test.Services.AuthServiceTests" name="LoginAsync_ShouldReturnAuthResponse_WhenCredentialsValid" />
    </UnitTest>
    <UnitTest name="InteractHub.Test.Services.StoriesServiceTests.DeleteAsync_ShouldThrow_WhenUserIsNotOwnerOrAdmin" storage="d:\coding\csharp-project\interacthub\interacthub.test\bin\release\net8.0\interacthub.test.dll" id="c8bc3c12-2762-c7fa-4747-f909ec25d351">
      <Execution id="71fb248b-bf9a-47fa-be84-9059c3552d7a" />
      <TestMethod codeBase="D:\Coding\CSharp-Project\InteractHub\InteractHub.Test\bin\Release\net8.0\InteractHub.Test.dll" adapterTypeName="executor://xunit/VsTestRunner2/netcoreapp" className="InteractHub.Test.Services.StoriesServiceTests" name="DeleteAsync_ShouldThrow_WhenUserIsNotOwnerOrAdmin" />
    </UnitTest>
    <UnitTest name="InteractHub.Test.Services.UsersServiceTests.GetProfileAsync_ShouldReturnNull_WhenUserMissing" storage="d:\coding\csharp-project\interacthub\interacthub.test\bin\release\net8.0\interacthub.test.dll" id="2b0b550e-7344-c7eb-c784-16bc261c9641">
      <Execution id="88602478-ad84-47b6-a2c4-b309e690248f" />
      <TestMethod codeBase="D:\Coding\CSharp-Project\InteractHub\InteractHub.Test\bin\Release\net8.0\InteractHub.Test.dll" adapterTypeName="executor://xunit/VsTestRunner2/netcoreapp" className="InteractHub.Test.Services.UsersServiceTests" name="GetProfileAsync_ShouldReturnNull_WhenUserMissing" />
    </UnitTest>
    <UnitTest name="InteractHub.Test.Services.PostsServiceTests.CreateAsync_ShouldCreatePost_AndReturnResponse" storage="d:\coding\csharp-project\interacthub\interacthub.test\bin\release\net8.0\interacthub.test.dll" id="d590b102-5c1b-1ade-ea55-fce178b671b5">
      <Execution id="19965a45-155f-4ba4-893d-3b5ca1b31617" />
      <TestMethod codeBase="D:\Coding\CSharp-Project\InteractHub\InteractHub.Test\bin\Release\net8.0\InteractHub.Test.dll" adapterTypeName="executor://xunit/VsTestRunner2/netcoreapp" className="InteractHub.Test.Services.PostsServiceTests" name="CreateAsync_ShouldCreatePost_AndReturnResponse" />
    </UnitTest>
    <UnitTest name="InteractHub.Test.Services.JwtTokenServiceTests.GetExpirySeconds_ShouldUseConfiguredMinutes" storage="d:\coding\csharp-project\interacthub\interacthub.test\bin\release\net8.0\interacthub.test.dll" id="83d88c3a-0d3c-5809-0592-15677690d90a">
      <Execution id="821e12a3-04e8-428c-802a-e2e4aaae2cd5" />
      <TestMethod codeBase="D:\Coding\CSharp-Project\InteractHub\InteractHub.Test\bin\Release\net8.0\InteractHub.Test.dll" adapterTypeName="executor://xunit/VsTestRunner2/netcoreapp" className="InteractHub.Test.Services.JwtTokenServiceTests" name="GetExpirySeconds_ShouldUseConfiguredMinutes" />
    </UnitTest>
    <UnitTest name="InteractHub.Test.Services.AdminServiceTests.ResolveReportAsync_ShouldUpdateStatus_WhenReportExists" storage="d:\coding\csharp-project\interacthub\interacthub.test\bin\release\net8.0\interacthub.test.dll" id="ef434908-6ead-7f5a-a522-5a0bf3612499">
      <Execution id="68f68da9-d4cc-4eaa-9841-99a9bfeed0ea" />
      <TestMethod codeBase="D:\Coding\CSharp-Project\InteractHub\InteractHub.Test\bin\Release\net8.0\InteractHub.Test.dll" adapterTypeName="executor://xunit/VsTestRunner2/netcoreapp" className="InteractHub.Test.Services.AdminServiceTests" name="ResolveReportAsync_ShouldUpdateStatus_WhenReportExists" />
    </UnitTest>
    <UnitTest name="InteractHub.Test.Services.AuthServiceTests.RegisterAsync_ShouldThrow_WhenEmailOrUsernameExists" storage="d:\coding\csharp-project\interacthub\interacthub.test\bin\release\net8.0\interacthub.test.dll" id="1e2555db-a063-68b8-9d08-2e2b3c1b95e2">
      <Execution id="2953b1c2-ae5b-44cd-b660-9c6c919ce0ce" />
      <TestMethod codeBase="D:\Coding\CSharp-Project\InteractHub\InteractHub.Test\bin\Release\net8.0\InteractHub.Test.dll" adapterTypeName="executor://xunit/VsTestRunner2/netcoreapp" className="InteractHub.Test.Services.AuthServiceTests" name="RegisterAsync_ShouldThrow_WhenEmailOrUsernameExists" />
    </UnitTest>
    <UnitTest name="InteractHub.Test.Services.AdminServiceTests.ResolveReportAsync_ShouldReturnNull_WhenMissingReport" storage="d:\coding\csharp-project\interacthub\interacthub.test\bin\release\net8.0\interacthub.test.dll" id="4706786f-37cc-430a-a5f6-11b354081f87">
      <Execution id="8c263230-2aa2-4b31-9185-8b3127afec75" />
      <TestMethod codeBase="D:\Coding\CSharp-Project\InteractHub\InteractHub.Test\bin\Release\net8.0\InteractHub.Test.dll" adapterTypeName="executor://xunit/VsTestRunner2/netcoreapp" className="InteractHub.Test.Services.AdminServiceTests" name="ResolveReportAsync_ShouldReturnNull_WhenMissingReport" />
    </UnitTest>
    <UnitTest name="InteractHub.Test.Services.NotificationsServiceTests.CreateAsync_ShouldPersistAndPushRealtimeEvent" storage="d:\coding\csharp-project\interacthub\interacthub.test\bin\release\net8.0\interacthub.test.dll" id="aef29eb9-855d-04c9-3b88-7c2f2bdf3856">
      <Execution id="b8ed44b3-2c42-4bfb-8eaf-220a6669ecf9" />
      <TestMethod codeBase="D:\Coding\CSharp-Project\InteractHub\InteractHub.Test\bin\Release\net8.0\InteractHub.Test.dll" adapterTypeName="executor://xunit/VsTestRunner2/netcoreapp" className="InteractHub.Test.Services.NotificationsServiceTests" name="CreateAsync_ShouldPersistAndPushRealtimeEvent" />
    </UnitTest>
    <UnitTest name="InteractHub.Test.Services.UsersServiceTests.UpdateProfileAsync_ShouldPersistChanges_WhenUserExists" storage="d:\coding\csharp-project\interacthub\interacthub.test\bin\release\net8.0\interacthub.test.dll" id="d5d28d34-3696-c41b-2c07-769bc8da45ea">
      <Execution id="87f0021b-4df9-4409-b7e1-ed355531d79e" />
      <TestMethod codeBase="D:\Coding\CSharp-Project\InteractHub\InteractHub.Test\bin\Release\net8.0\InteractHub.Test.dll" adapterTypeName="executor://xunit/VsTestRunner2/netcoreapp" className="InteractHub.Test.Services.UsersServiceTests" name="UpdateProfileAsync_ShouldPersistChanges_WhenUserExists" />
    </UnitTest>
    <UnitTest name="InteractHub.Test.Services.FriendsServiceTests.DeclineRequestAsync_ShouldUpdateStatusToDeclined" storage="d:\coding\csharp-project\interacthub\interacthub.test\bin\release\net8.0\interacthub.test.dll" id="09dd8d36-18d6-54f1-fefa-81fdbacc9313">
      <Execution id="5145c9f3-ee5e-4b39-b27e-fbc2de24cccf" />
      <TestMethod codeBase="D:\Coding\CSharp-Project\InteractHub\InteractHub.Test\bin\Release\net8.0\InteractHub.Test.dll" adapterTypeName="executor://xunit/VsTestRunner2/netcoreapp" className="InteractHub.Test.Services.FriendsServiceTests" name="DeclineRequestAsync_ShouldUpdateStatusToDeclined" />
    </UnitTest>
    <UnitTest name="InteractHub.Test.Services.NotificationsServiceTests.MarkAllReadAsync_ShouldReturnNumberOfUnreadItems" storage="d:\coding\csharp-project\interacthub\interacthub.test\bin\release\net8.0\interacthub.test.dll" id="69103ff3-320e-a201-06b8-5a53579e5927">
      <Execution id="df4fab1c-dbd3-483d-9278-b7a149cfac2e" />
      <TestMethod codeBase="D:\Coding\CSharp-Project\InteractHub\InteractHub.Test\bin\Release\net8.0\InteractHub.Test.dll" adapterTypeName="executor://xunit/VsTestRunner2/netcoreapp" className="InteractHub.Test.Services.NotificationsServiceTests" name="MarkAllReadAsync_ShouldReturnNumberOfUnreadItems" />
    </UnitTest>
    <UnitTest name="InteractHub.Test.Services.AdminServiceTests.DeletePostAsync_ShouldReturnFalse_WhenPostNotFound" storage="d:\coding\csharp-project\interacthub\interacthub.test\bin\release\net8.0\interacthub.test.dll" id="54002fb4-3fd4-9ac5-3b9b-e31d6b053aaf">
      <Execution id="7a986d4f-0332-4f06-895d-25f4f7542d4c" />
      <TestMethod codeBase="D:\Coding\CSharp-Project\InteractHub\InteractHub.Test\bin\Release\net8.0\InteractHub.Test.dll" adapterTypeName="executor://xunit/VsTestRunner2/netcoreapp" className="InteractHub.Test.Services.AdminServiceTests" name="DeletePostAsync_ShouldReturnFalse_WhenPostNotFound" />
    </UnitTest>
    <UnitTest name="InteractHub.Test.Services.FriendsServiceTests.RemoveFriendAsync_ShouldRemoveAcceptedFriendship" storage="d:\coding\csharp-project\interacthub\interacthub.test\bin\release\net8.0\interacthub.test.dll" id="85ae4dcf-426b-69a7-f816-1c926369c680">
      <Execution id="b6b65e85-3cc3-46d8-bd08-e1998ad90a09" />
      <TestMethod codeBase="D:\Coding\CSharp-Project\InteractHub\InteractHub.Test\bin\Release\net8.0\InteractHub.Test.dll" adapterTypeName="executor://xunit/VsTestRunner2/netcoreapp" className="InteractHub.Test.Services.FriendsServiceTests" name="RemoveFriendAsync_ShouldRemoveAcceptedFriendship" />
    </UnitTest>
    <UnitTest name="InteractHub.Test.Services.FriendsServiceTests.SendRequestAsync_ShouldCreatePendingFriendship_AndNotify" storage="d:\coding\csharp-project\interacthub\interacthub.test\bin\release\net8.0\interacthub.test.dll" id="1e315d0e-c578-9fb7-a0f3-9857ebfc45f4">
      <Execution id="c4cfd2dc-1055-425a-877f-eec850034895" />
      <TestMethod codeBase="D:\Coding\CSharp-Project\InteractHub\InteractHub.Test\bin\Release\net8.0\InteractHub.Test.dll" adapterTypeName="executor://xunit/VsTestRunner2/netcoreapp" className="InteractHub.Test.Services.FriendsServiceTests" name="SendRequestAsync_ShouldCreatePendingFriendship_AndNotify" />
    </UnitTest>
    <UnitTest name="InteractHub.Test.Services.FriendsServiceTests.SendRequestAsync_ShouldThrow_WhenPendingRequestExists" storage="d:\coding\csharp-project\interacthub\interacthub.test\bin\release\net8.0\interacthub.test.dll" id="ad5f5ca4-89f5-bb88-b27b-4b10e9473ae0">
      <Execution id="1dc87364-b852-48e5-bdeb-d11e3e1dac44" />
      <TestMethod codeBase="D:\Coding\CSharp-Project\InteractHub\InteractHub.Test\bin\Release\net8.0\InteractHub.Test.dll" adapterTypeName="executor://xunit/VsTestRunner2/netcoreapp" className="InteractHub.Test.Services.FriendsServiceTests" name="SendRequestAsync_ShouldThrow_WhenPendingRequestExists" />
    </UnitTest>
    <UnitTest name="InteractHub.Test.Services.PostsServiceTests.DeleteAsync_ShouldThrow_WhenDeletingOthersPostAsNonAdmin" storage="d:\coding\csharp-project\interacthub\interacthub.test\bin\release\net8.0\interacthub.test.dll" id="8d17c133-ed23-f117-e6d4-8e0fd85ecdf0">
      <Execution id="853f0180-3589-4bc6-b0c4-70f05c79a396" />
      <TestMethod codeBase="D:\Coding\CSharp-Project\InteractHub\InteractHub.Test\bin\Release\net8.0\InteractHub.Test.dll" adapterTypeName="executor://xunit/VsTestRunner2/netcoreapp" className="InteractHub.Test.Services.PostsServiceTests" name="DeleteAsync_ShouldThrow_WhenDeletingOthersPostAsNonAdmin" />
    </UnitTest>
    <UnitTest name="InteractHub.Test.Services.FriendsServiceTests.SendRequestAsync_ShouldThrow_WhenSendingToSelf" storage="d:\coding\csharp-project\interacthub\interacthub.test\bin\release\net8.0\interacthub.test.dll" id="f781021b-988d-8d99-7194-e31239ccf499">
      <Execution id="d480ad6a-a1b8-4dc8-b04e-6c3576c3f6c8" />
      <TestMethod codeBase="D:\Coding\CSharp-Project\InteractHub\InteractHub.Test\bin\Release\net8.0\InteractHub.Test.dll" adapterTypeName="executor://xunit/VsTestRunner2/netcoreapp" className="InteractHub.Test.Services.FriendsServiceTests" name="SendRequestAsync_ShouldThrow_WhenSendingToSelf" />
    </UnitTest>
    <UnitTest name="InteractHub.Test.Services.PostsServiceTests.AddCommentAsync_ShouldCreateComment_AndNotifyOwner" storage="d:\coding\csharp-project\interacthub\interacthub.test\bin\release\net8.0\interacthub.test.dll" id="00860900-ff6e-fc75-53e7-03f521276035">
      <Execution id="9fb65fe5-ba1c-481f-ac05-9c5b584b33ad" />
      <TestMethod codeBase="D:\Coding\CSharp-Project\InteractHub\InteractHub.Test\bin\Release\net8.0\InteractHub.Test.dll" adapterTypeName="executor://xunit/VsTestRunner2/netcoreapp" className="InteractHub.Test.Services.PostsServiceTests" name="AddCommentAsync_ShouldCreateComment_AndNotifyOwner" />
    </UnitTest>
    <UnitTest name="InteractHub.Test.Services.AuthServiceTests.RegisterAsync_ShouldReturnAuthResponse_WhenRequestValid" storage="d:\coding\csharp-project\interacthub\interacthub.test\bin\release\net8.0\interacthub.test.dll" id="26ed74ae-f567-cd70-423f-675b8f25dc24">
      <Execution id="39609cf1-c7e8-42da-95f8-757d629e1394" />
      <TestMethod codeBase="D:\Coding\CSharp-Project\InteractHub\InteractHub.Test\bin\Release\net8.0\InteractHub.Test.dll" adapterTypeName="executor://xunit/VsTestRunner2/netcoreapp" className="InteractHub.Test.Services.AuthServiceTests" name="RegisterAsync_ShouldReturnAuthResponse_WhenRequestValid" />
    </UnitTest>
    <UnitTest name="InteractHub.Test.Services.JwtTokenServiceTests.CreateToken_ShouldIncludeIdentityAndRoleClaims" storage="d:\coding\csharp-project\interacthub\interacthub.test\bin\release\net8.0\interacthub.test.dll" id="cd4e9d5b-e453-f863-d744-3c63655d90ed">
      <Execution id="518a1bdb-b889-4eaa-88ba-8cf2bd1f0aab" />
      <TestMethod codeBase="D:\Coding\CSharp-Project\InteractHub\InteractHub.Test\bin\Release\net8.0\InteractHub.Test.dll" adapterTypeName="executor://xunit/VsTestRunner2/netcoreapp" className="InteractHub.Test.Services.JwtTokenServiceTests" name="CreateToken_ShouldIncludeIdentityAndRoleClaims" />
    </UnitTest>
    <UnitTest name="InteractHub.Test.Services.StoriesServiceTests.CreateAsync_ShouldCreateStoryWith24HourExpiry" storage="d:\coding\csharp-project\interacthub\interacthub.test\bin\release\net8.0\interacthub.test.dll" id="57cf200c-fee5-56f3-7ef6-d529b10dfaba">
      <Execution id="a446f211-6898-49f9-9db5-584ec855e1a4" />
      <TestMethod codeBase="D:\Coding\CSharp-Project\InteractHub\InteractHub.Test\bin\Release\net8.0\InteractHub.Test.dll" adapterTypeName="executor://xunit/VsTestRunner2/netcoreapp" className="InteractHub.Test.Services.StoriesServiceTests" name="CreateAsync_ShouldCreateStoryWith24HourExpiry" />
    </UnitTest>
    <UnitTest name="InteractHub.Test.Services.AdminServiceTests.GetReportsAsync_ShouldReturnReportsInDescendingCreatedAtOrder" storage="d:\coding\csharp-project\interacthub\interacthub.test\bin\release\net8.0\interacthub.test.dll" id="e580bbba-06ac-1e96-6aea-e7958234c178">
      <Execution id="ad73f4dc-535d-4a28-b24a-f4982a6daccb" />
      <TestMethod codeBase="D:\Coding\CSharp-Project\InteractHub\InteractHub.Test\bin\Release\net8.0\InteractHub.Test.dll" adapterTypeName="executor://xunit/VsTestRunner2/netcoreapp" className="InteractHub.Test.Services.AdminServiceTests" name="GetReportsAsync_ShouldReturnReportsInDescendingCreatedAtOrder" />
    </UnitTest>
    <UnitTest name="InteractHub.Test.Services.AuthServiceTests.LoginAsync_ShouldThrowUnauthorized_WhenUserNotFound" storage="d:\coding\csharp-project\interacthub\interacthub.test\bin\release\net8.0\interacthub.test.dll" id="c5cc568a-2119-8846-89fc-25486d20f6c7">
      <Execution id="5e944e30-d2b7-413b-b8cd-47106e2b84d9" />
      <TestMethod codeBase="D:\Coding\CSharp-Project\InteractHub\InteractHub.Test\bin\Release\net8.0\InteractHub.Test.dll" adapterTypeName="executor://xunit/VsTestRunner2/netcoreapp" className="InteractHub.Test.Services.AuthServiceTests" name="LoginAsync_ShouldThrowUnauthorized_WhenUserNotFound" />
    </UnitTest>
    <UnitTest name="InteractHub.Test.Services.PostsServiceTests.ReportAsync_ShouldThrow_WhenOpenReportAlreadyExists" storage="d:\coding\csharp-project\interacthub\interacthub.test\bin\release\net8.0\interacthub.test.dll" id="2befc9a7-f9c9-aef3-c611-3bb3c90fad14">
      <Execution id="ce90012e-1137-45c8-bc58-efa532326ebf" />
      <TestMethod codeBase="D:\Coding\CSharp-Project\InteractHub\InteractHub.Test\bin\Release\net8.0\InteractHub.Test.dll" adapterTypeName="executor://xunit/VsTestRunner2/netcoreapp" className="InteractHub.Test.Services.PostsServiceTests" name="ReportAsync_ShouldThrow_WhenOpenReportAlreadyExists" />
    </UnitTest>
    <UnitTest name="InteractHub.Test.Services.PostsServiceTests.ToggleLikeAsync_ShouldRemoveLike_WhenAlreadyLiked" storage="d:\coding\csharp-project\interacthub\interacthub.test\bin\release\net8.0\interacthub.test.dll" id="5c8a131f-4de5-f96b-239f-ba0142ea4877">
      <Execution id="1f356f8b-8ab4-46ae-8c98-a1c15f90a18c" />
      <TestMethod codeBase="D:\Coding\CSharp-Project\InteractHub\InteractHub.Test\bin\Release\net8.0\InteractHub.Test.dll" adapterTypeName="executor://xunit/VsTestRunner2/netcoreapp" className="InteractHub.Test.Services.PostsServiceTests" name="ToggleLikeAsync_ShouldRemoveLike_WhenAlreadyLiked" />
    </UnitTest>
    <UnitTest name="InteractHub.Test.Services.PostsServiceTests.ToggleLikeAsync_ShouldAllowSelfLike_AndToggleWithoutNotification" storage="d:\coding\csharp-project\interacthub\interacthub.test\bin\release\net8.0\interacthub.test.dll" id="905237f6-37b8-af79-e49b-2fbc24d17368">
      <Execution id="587199ae-0069-48e3-984b-24bbcc86a676" />
      <TestMethod codeBase="D:\Coding\CSharp-Project\InteractHub\InteractHub.Test\bin\Release\net8.0\InteractHub.Test.dll" adapterTypeName="executor://xunit/VsTestRunner2/netcoreapp" className="InteractHub.Test.Services.PostsServiceTests" name="ToggleLikeAsync_ShouldAllowSelfLike_AndToggleWithoutNotification" />
    </UnitTest>
    <UnitTest name="InteractHub.Test.Services.AuthServiceTests.RegisterAsync_ShouldThrow_WhenCreateFails" storage="d:\coding\csharp-project\interacthub\interacthub.test\bin\release\net8.0\interacthub.test.dll" id="6a006139-6aec-950e-33c9-1e1b2e03e527">
      <Execution id="44f317b9-c08a-4e3f-adbf-021413f18015" />
      <TestMethod codeBase="D:\Coding\CSharp-Project\InteractHub\InteractHub.Test\bin\Release\net8.0\InteractHub.Test.dll" adapterTypeName="executor://xunit/VsTestRunner2/netcoreapp" className="InteractHub.Test.Services.AuthServiceTests" name="RegisterAsync_ShouldThrow_WhenCreateFails" />
    </UnitTest>
    <UnitTest name="InteractHub.Test.Services.StoriesServiceTests.GetActiveStoriesAsync_ShouldReturnOnlyNonExpiredStoriesForUser" storage="d:\coding\csharp-project\interacthub\interacthub.test\bin\release\net8.0\interacthub.test.dll" id="8ea79a09-e441-95a7-3e10-c4332c9aba63">
      <Execution id="f8fb70f9-e1e6-4259-95da-91855f6d863a" />
      <TestMethod codeBase="D:\Coding\CSharp-Project\InteractHub\InteractHub.Test\bin\Release\net8.0\InteractHub.Test.dll" adapterTypeName="executor://xunit/VsTestRunner2/netcoreapp" className="InteractHub.Test.Services.StoriesServiceTests" name="GetActiveStoriesAsync_ShouldReturnOnlyNonExpiredStoriesForUser" />
    </UnitTest>
    <UnitTest name="InteractHub.Test.Services.FriendsServiceTests.AcceptRequestAsync_ShouldUpdateStatusToAccepted_AndNotify" storage="d:\coding\csharp-project\interacthub\interacthub.test\bin\release\net8.0\interacthub.test.dll" id="874dca42-76f6-e399-296f-4b65ef00f514">
      <Execution id="05677bc4-71ce-4fd1-959b-361ad9b327fd" />
      <TestMethod codeBase="D:\Coding\CSharp-Project\InteractHub\InteractHub.Test\bin\Release\net8.0\InteractHub.Test.dll" adapterTypeName="executor://xunit/VsTestRunner2/netcoreapp" className="InteractHub.Test.Services.FriendsServiceTests" name="AcceptRequestAsync_ShouldUpdateStatusToAccepted_AndNotify" />
    </UnitTest>
  </TestDefinitions>
  <TestEntries>
    <TestEntry testId="8ea79a09-e441-95a7-3e10-c4332c9aba63" executionId="f8fb70f9-e1e6-4259-95da-91855f6d863a" testListId="8c84fa94-04c1-424b-9868-57a2d4851a1d" />
    <TestEntry testId="d5d28d34-3696-c41b-2c07-769bc8da45ea" executionId="87f0021b-4df9-4409-b7e1-ed355531d79e" testListId="8c84fa94-04c1-424b-9868-57a2d4851a1d" />
    <TestEntry testId="2befc9a7-f9c9-aef3-c611-3bb3c90fad14" executionId="ce90012e-1137-45c8-bc58-efa532326ebf" testListId="8c84fa94-04c1-424b-9868-57a2d4851a1d" />
    <TestEntry testId="d45b5751-839c-557c-731b-b9ff717271ef" executionId="e904f57b-8e40-460e-92be-8955d16c81a3" testListId="8c84fa94-04c1-424b-9868-57a2d4851a1d" />
    <TestEntry testId="6a006139-6aec-950e-33c9-1e1b2e03e527" executionId="44f317b9-c08a-4e3f-adbf-021413f18015" testListId="8c84fa94-04c1-424b-9868-57a2d4851a1d" />
    <TestEntry testId="cd4e9d5b-e453-f863-d744-3c63655d90ed" executionId="518a1bdb-b889-4eaa-88ba-8cf2bd1f0aab" testListId="8c84fa94-04c1-424b-9868-57a2d4851a1d" />
    <TestEntry testId="e4ab80e1-4d61-d426-bc20-c6481f0302f6" executionId="40676e45-ce8a-4d80-9b4a-9445f9e45eba" testListId="8c84fa94-04c1-424b-9868-57a2d4851a1d" />
    <TestEntry testId="f781021b-988d-8d99-7194-e31239ccf499" executionId="d480ad6a-a1b8-4dc8-b04e-6c3576c3f6c8" testListId="8c84fa94-04c1-424b-9868-57a2d4851a1d" />
    <TestEntry testId="85ae4dcf-426b-69a7-f816-1c926369c680" executionId="b6b65e85-3cc3-46d8-bd08-e1998ad90a09" testListId="8c84fa94-04c1-424b-9868-57a2d4851a1d" />
    <TestEntry testId="c5cc568a-2119-8846-89fc-25486d20f6c7" executionId="5e944e30-d2b7-413b-b8cd-47106e2b84d9" testListId="8c84fa94-04c1-424b-9868-57a2d4851a1d" />
    <TestEntry testId="8d17c133-ed23-f117-e6d4-8e0fd85ecdf0" executionId="853f0180-3589-4bc6-b0c4-70f05c79a396" testListId="8c84fa94-04c1-424b-9868-57a2d4851a1d" />
    <TestEntry testId="f8acf527-2859-f38c-627f-44a69d4c130f" executionId="2e8baa53-c06a-4b7e-bd70-6db126d471a7" testListId="8c84fa94-04c1-424b-9868-57a2d4851a1d" />
    <TestEntry testId="4706786f-37cc-430a-a5f6-11b354081f87" executionId="8c263230-2aa2-4b31-9185-8b3127afec75" testListId="8c84fa94-04c1-424b-9868-57a2d4851a1d" />
    <TestEntry testId="874dca42-76f6-e399-296f-4b65ef00f514" executionId="05677bc4-71ce-4fd1-959b-361ad9b327fd" testListId="8c84fa94-04c1-424b-9868-57a2d4851a1d" />
    <TestEntry testId="2b0b550e-7344-c7eb-c784-16bc261c9641" executionId="88602478-ad84-47b6-a2c4-b309e690248f" testListId="8c84fa94-04c1-424b-9868-57a2d4851a1d" />
    <TestEntry testId="dca0f2fb-4989-45b8-faee-530bfe7ff217" executionId="b1ee26b6-f11e-4614-85f1-95ec2b640793" testListId="8c84fa94-04c1-424b-9868-57a2d4851a1d" />
    <TestEntry testId="ef434908-6ead-7f5a-a522-5a0bf3612499" executionId="68f68da9-d4cc-4eaa-9841-99a9bfeed0ea" testListId="8c84fa94-04c1-424b-9868-57a2d4851a1d" />
    <TestEntry testId="aef29eb9-855d-04c9-3b88-7c2f2bdf3856" executionId="b8ed44b3-2c42-4bfb-8eaf-220a6669ecf9" testListId="8c84fa94-04c1-424b-9868-57a2d4851a1d" />
    <TestEntry testId="69103ff3-320e-a201-06b8-5a53579e5927" executionId="df4fab1c-dbd3-483d-9278-b7a149cfac2e" testListId="8c84fa94-04c1-424b-9868-57a2d4851a1d" />
    <TestEntry testId="54002fb4-3fd4-9ac5-3b9b-e31d6b053aaf" executionId="7a986d4f-0332-4f06-895d-25f4f7542d4c" testListId="8c84fa94-04c1-424b-9868-57a2d4851a1d" />
    <TestEntry testId="37b6e09f-6001-8b57-18f0-5874a4c031f6" executionId="2864e054-15a7-4939-a846-13906371989e" testListId="8c84fa94-04c1-424b-9868-57a2d4851a1d" />
    <TestEntry testId="c8bc3c12-2762-c7fa-4747-f909ec25d351" executionId="71fb248b-bf9a-47fa-be84-9059c3552d7a" testListId="8c84fa94-04c1-424b-9868-57a2d4851a1d" />
    <TestEntry testId="e580bbba-06ac-1e96-6aea-e7958234c178" executionId="ad73f4dc-535d-4a28-b24a-f4982a6daccb" testListId="8c84fa94-04c1-424b-9868-57a2d4851a1d" />
    <TestEntry testId="1e2555db-a063-68b8-9d08-2e2b3c1b95e2" executionId="2953b1c2-ae5b-44cd-b660-9c6c919ce0ce" testListId="8c84fa94-04c1-424b-9868-57a2d4851a1d" />
    <TestEntry testId="00860900-ff6e-fc75-53e7-03f521276035" executionId="9fb65fe5-ba1c-481f-ac05-9c5b584b33ad" testListId="8c84fa94-04c1-424b-9868-57a2d4851a1d" />
    <TestEntry testId="e4600e0e-fffe-611e-7258-5fc1e0865dd1" executionId="a8cd4c70-280b-4e38-8101-8a81332273e4" testListId="8c84fa94-04c1-424b-9868-57a2d4851a1d" />
    <TestEntry testId="09dd8d36-18d6-54f1-fefa-81fdbacc9313" executionId="5145c9f3-ee5e-4b39-b27e-fbc2de24cccf" testListId="8c84fa94-04c1-424b-9868-57a2d4851a1d" />
    <TestEntry testId="1e315d0e-c578-9fb7-a0f3-9857ebfc45f4" executionId="c4cfd2dc-1055-425a-877f-eec850034895" testListId="8c84fa94-04c1-424b-9868-57a2d4851a1d" />
    <TestEntry testId="26ed74ae-f567-cd70-423f-675b8f25dc24" executionId="39609cf1-c7e8-42da-95f8-757d629e1394" testListId="8c84fa94-04c1-424b-9868-57a2d4851a1d" />
    <TestEntry testId="57cf200c-fee5-56f3-7ef6-d529b10dfaba" executionId="a446f211-6898-49f9-9db5-584ec855e1a4" testListId="8c84fa94-04c1-424b-9868-57a2d4851a1d" />
    <TestEntry testId="ad5f5ca4-89f5-bb88-b27b-4b10e9473ae0" executionId="1dc87364-b852-48e5-bdeb-d11e3e1dac44" testListId="8c84fa94-04c1-424b-9868-57a2d4851a1d" />
    <TestEntry testId="905237f6-37b8-af79-e49b-2fbc24d17368" executionId="587199ae-0069-48e3-984b-24bbcc86a676" testListId="8c84fa94-04c1-424b-9868-57a2d4851a1d" />
    <TestEntry testId="83d88c3a-0d3c-5809-0592-15677690d90a" executionId="821e12a3-04e8-428c-802a-e2e4aaae2cd5" testListId="8c84fa94-04c1-424b-9868-57a2d4851a1d" />
    <TestEntry testId="d590b102-5c1b-1ade-ea55-fce178b671b5" executionId="19965a45-155f-4ba4-893d-3b5ca1b31617" testListId="8c84fa94-04c1-424b-9868-57a2d4851a1d" />
    <TestEntry testId="5c8a131f-4de5-f96b-239f-ba0142ea4877" executionId="1f356f8b-8ab4-46ae-8c98-a1c15f90a18c" testListId="8c84fa94-04c1-424b-9868-57a2d4851a1d" />
  </TestEntries>
  <TestLists>
    <TestList name="Results Not in a List" id="8c84fa94-04c1-424b-9868-57a2d4851a1d" />
    <TestList name="All Loaded Results" id="19431567-8539-422a-85d7-44ee4e166bda" />
  </TestLists>
  <ResultSummary outcome="Completed">
    <Counters total="35" executed="35" passed="35" failed="0" error="0" timeout="0" aborted="0" inconclusive="0" passedButRunAborted="0" notRunnable="0" notExecuted="0" disconnected="0" warning="0" completed="0" inProgress="0" pending="0" />
    <Output>
      <StdOut>[xUnit.net 00:00:00.00] xUnit.net VSTest Adapter v2.5.3.1+6b60a9e56a (64-bit .NET 8.0.25)&#xD;
[xUnit.net 00:00:00.09]   Discovering: InteractHub.Test&#xD;
[xUnit.net 00:00:00.13]   Discovered:  InteractHub.Test&#xD;
[xUnit.net 00:00:00.13]   Starting:    InteractHub.Test&#xD;
[xUnit.net 00:00:01.54]   Finished:    InteractHub.Test&#xD;
</StdOut>
    </Output>
    <CollectorDataEntries>
      <Collector agentName="NGOCTUAN" uri="datacollector://microsoft/CoverletCodeCoverage/1.0" collectorDisplayName="XPlat code coverage">
        <UriAttachments>
          <UriAttachment>
            <A href="NGOCTUAN\coverage.cobertura.xml"></A>
          </UriAttachment>
        </UriAttachments>
      </Collector>
    </CollectorDataEntries>
  </ResultSummary>
</TestRun>